[2.222s] Invoking command in '/home/gerardo/Roborregos/nav_new/ws/src/my_package': PYTHONPATH=/home/gerardo/Roborregos/nav_new/ws/build/my_package/prefix_override:/usr/lib/python3/dist-packages/colcon_core/task/python/colcon_distutils_commands:/home/gerardo/Roborregos/nav_new/ws/install/my_package/lib/python3.10/site-packages:${PYTHONPATH} /usr/bin/python3 -W ignore:setup.py install is deprecated setup.py egg_info --egg-base ../../build/my_package build --build-base /home/gerardo/Roborregos/nav_new/ws/build/my_package/build install --record /home/gerardo/Roborregos/nav_new/ws/build/my_package/install.log --single-version-externally-managed install_data
[2.562s] /home/gerardo/.local/lib/python3.10/site-packages/setuptools/_distutils/dist.py:261: UserWarning: Unknown distribution option: 'tests_require'
[2.562s]   warnings.warn(msg)
[2.835s] running egg_info
[2.836s] creating ../../build/my_package/my_package.egg-info
[2.878s] writing ../../build/my_package/my_package.egg-info/PKG-INFO
[2.879s] writing dependency_links to ../../build/my_package/my_package.egg-info/dependency_links.txt
[2.879s] writing entry points to ../../build/my_package/my_package.egg-info/entry_points.txt
[2.879s] writing requirements to ../../build/my_package/my_package.egg-info/requires.txt
[2.880s] writing top-level names to ../../build/my_package/my_package.egg-info/top_level.txt
[2.880s] writing manifest file '../../build/my_package/my_package.egg-info/SOURCES.txt'
[2.969s] reading manifest file '../../build/my_package/my_package.egg-info/SOURCES.txt'
[2.972s] writing manifest file '../../build/my_package/my_package.egg-info/SOURCES.txt'
[2.972s] running build
[2.972s] running build_py
[2.972s] creating /home/gerardo/Roborregos/nav_new/ws/build/my_package/build/lib/my_package
[2.973s] copying my_package/__init__.py -> /home/gerardo/Roborregos/nav_new/ws/build/my_package/build/lib/my_package
[2.973s] copying my_package/my_node.py -> /home/gerardo/Roborregos/nav_new/ws/build/my_package/build/lib/my_package
[2.974s] running install
[2.986s] running install_lib
[3.030s] creating /home/gerardo/Roborregos/nav_new/ws/install/my_package/lib/python3.10/site-packages/my_package
[3.031s] copying /home/gerardo/Roborregos/nav_new/ws/build/my_package/build/lib/my_package/__init__.py -> /home/gerardo/Roborregos/nav_new/ws/install/my_package/lib/python3.10/site-packages/my_package
[3.031s] copying /home/gerardo/Roborregos/nav_new/ws/build/my_package/build/lib/my_package/my_node.py -> /home/gerardo/Roborregos/nav_new/ws/install/my_package/lib/python3.10/site-packages/my_package
[3.032s] byte-compiling /home/gerardo/Roborregos/nav_new/ws/install/my_package/lib/python3.10/site-packages/my_package/__init__.py to __init__.cpython-310.pyc
[3.032s] byte-compiling /home/gerardo/Roborregos/nav_new/ws/install/my_package/lib/python3.10/site-packages/my_package/my_node.py to my_node.cpython-310.pyc
[3.033s] running install_data
[3.033s] creating /home/gerardo/Roborregos/nav_new/ws/install/my_package/share/ament_index/resource_index/packages
[3.034s] copying resource/my_package -> /home/gerardo/Roborregos/nav_new/ws/install/my_package/share/ament_index/resource_index/packages
[3.034s] copying package.xml -> /home/gerardo/Roborregos/nav_new/ws/install/my_package/share/my_package
[3.034s] running install_egg_info
[3.078s] Copying ../../build/my_package/my_package.egg-info to /home/gerardo/Roborregos/nav_new/ws/install/my_package/lib/python3.10/site-packages/my_package-0.0.0-py3.10.egg-info
[3.080s] running install_scripts
[3.419s] Installing my_node script to /home/gerardo/Roborregos/nav_new/ws/install/my_package/lib/my_package
[3.420s] writing list of installed files to '/home/gerardo/Roborregos/nav_new/ws/build/my_package/install.log'
[3.471s] Invoked command in '/home/gerardo/Roborregos/nav_new/ws/src/my_package' returned '0': PYTHONPATH=/home/gerardo/Roborregos/nav_new/ws/build/my_package/prefix_override:/usr/lib/python3/dist-packages/colcon_core/task/python/colcon_distutils_commands:/home/gerardo/Roborregos/nav_new/ws/install/my_package/lib/python3.10/site-packages:${PYTHONPATH} /usr/bin/python3 -W ignore:setup.py install is deprecated setup.py egg_info --egg-base ../../build/my_package build --build-base /home/gerardo/Roborregos/nav_new/ws/build/my_package/build install --record /home/gerardo/Roborregos/nav_new/ws/build/my_package/install.log --single-version-externally-managed install_data
