[0.708s] DEBUG:colcon:Command line arguments: ['/usr/bin/colcon', 'list', '-p', '--base-paths', '/home/gerardo/Roborregos/Repos/nav_new/ws']
[0.708s] DEBUG:colcon:Parsed command line arguments: Namespace(log_base=None, log_level=None, verb_name='list', build_base='build', ignore_user_meta=False, metas=['./colcon.meta'], base_paths=['/home/gerardo/Roborregos/Repos/nav_new/ws'], packages_ignore=None, packages_ignore_regex=None, paths=None, packages_up_to=None, packages_up_to_regex=None, packages_above=None, packages_above_and_dependencies=None, packages_above_depth=None, packages_select_by_dep=None, packages_skip_by_dep=None, packages_skip_up_to=None, packages_select_build_failed=False, packages_skip_build_finished=False, packages_select_test_failures=False, packages_skip_test_passed=False, packages_select=None, packages_skip=None, packages_select_regex=None, packages_skip_regex=None, packages_start=None, packages_end=None, allow_overriding=[], topological_order=False, names_only=False, paths_only=True, topological_graph=False, topological_graph_dot=False, topological_graph_density=False, topological_graph_legend=False, topological_graph_dot_cluster=False, topological_graph_dot_include_skipped=False, verb_parser=<colcon_defaults.argument_parser.defaults.DefaultArgumentsDecorator object at 0x7cebe6d23730>, verb_extension=<colcon_package_information.verb.list.ListVerb object at 0x7cebe6ef44c0>, main=<bound method ListVerb.main of <colcon_package_information.verb.list.ListVerb object at 0x7cebe6ef44c0>>)
[0.866s] Level 1:colcon.colcon_core.package_discovery:discover_packages(colcon_meta) check parameters
[0.866s] Level 1:colcon.colcon_core.package_discovery:discover_packages(recursive) check parameters
[0.866s] Level 1:colcon.colcon_core.package_discovery:discover_packages(ignore) check parameters
[0.866s] Level 1:colcon.colcon_core.package_discovery:discover_packages(path) check parameters
[0.866s] Level 1:colcon.colcon_core.package_discovery:discover_packages(recursive) discover
[0.866s] INFO:colcon.colcon_core.package_discovery:Crawling recursively for packages in '/home/gerardo/Roborregos/Repos/nav_new/ws'
[0.866s] Level 1:colcon.colcon_core.package_identification:_identify(/home/gerardo/Roborregos/Repos/nav_new/ws) by extensions ['ignore', 'ignore_ament_install']
[0.867s] Level 1:colcon.colcon_core.package_identification:_identify(/home/gerardo/Roborregos/Repos/nav_new/ws) by extension 'ignore'
[0.867s] Level 1:colcon.colcon_core.package_identification:_identify(/home/gerardo/Roborregos/Repos/nav_new/ws) by extension 'ignore_ament_install'
[0.867s] Level 1:colcon.colcon_core.package_identification:_identify(/home/gerardo/Roborregos/Repos/nav_new/ws) by extensions ['colcon_pkg']
[0.867s] Level 1:colcon.colcon_core.package_identification:_identify(/home/gerardo/Roborregos/Repos/nav_new/ws) by extension 'colcon_pkg'
[0.867s] Level 1:colcon.colcon_core.package_identification:_identify(/home/gerardo/Roborregos/Repos/nav_new/ws) by extensions ['colcon_meta']
[0.868s] Level 1:colcon.colcon_core.package_identification:_identify(/home/gerardo/Roborregos/Repos/nav_new/ws) by extension 'colcon_meta'
[0.868s] Level 1:colcon.colcon_core.package_identification:_identify(/home/gerardo/Roborregos/Repos/nav_new/ws) by extensions ['ros']
[0.868s] Level 1:colcon.colcon_core.package_identification:_identify(/home/gerardo/Roborregos/Repos/nav_new/ws) by extension 'ros'
[1.042s] Level 1:colcon.colcon_core.package_identification:_identify(/home/gerardo/Roborregos/Repos/nav_new/ws) by extensions ['cmake', 'python']
[1.043s] Level 1:colcon.colcon_core.package_identification:_identify(/home/gerardo/Roborregos/Repos/nav_new/ws) by extension 'cmake'
[1.043s] Level 1:colcon.colcon_core.package_identification:_identify(/home/gerardo/Roborregos/Repos/nav_new/ws) by extension 'python'
[1.043s] Level 1:colcon.colcon_core.package_identification:_identify(/home/gerardo/Roborregos/Repos/nav_new/ws) by extensions ['python_setup_py']
[1.043s] Level 1:colcon.colcon_core.package_identification:_identify(/home/gerardo/Roborregos/Repos/nav_new/ws) by extension 'python_setup_py'
[1.048s] Level 1:colcon.colcon_core.package_identification:_identify(/home/gerardo/Roborregos/Repos/nav_new/ws/build) by extensions ['ignore', 'ignore_ament_install']
[1.050s] Level 1:colcon.colcon_core.package_identification:_identify(/home/gerardo/Roborregos/Repos/nav_new/ws/build) by extension 'ignore'
[1.051s] Level 1:colcon.colcon_core.package_identification:_identify(/home/gerardo/Roborregos/Repos/nav_new/ws/build) ignored
[1.051s] Level 1:colcon.colcon_core.package_identification:_identify(/home/gerardo/Roborregos/Repos/nav_new/ws/install) by extensions ['ignore', 'ignore_ament_install']
[1.052s] Level 1:colcon.colcon_core.package_identification:_identify(/home/gerardo/Roborregos/Repos/nav_new/ws/install) by extension 'ignore'
[1.052s] Level 1:colcon.colcon_core.package_identification:_identify(/home/gerardo/Roborregos/Repos/nav_new/ws/install) ignored
[1.052s] Level 1:colcon.colcon_core.package_identification:_identify(/home/gerardo/Roborregos/Repos/nav_new/ws/log) by extensions ['ignore', 'ignore_ament_install']
[1.055s] Level 1:colcon.colcon_core.package_identification:_identify(/home/gerardo/Roborregos/Repos/nav_new/ws/log) by extension 'ignore'
[1.056s] Level 1:colcon.colcon_core.package_identification:_identify(/home/gerardo/Roborregos/Repos/nav_new/ws/log) ignored
[1.057s] Level 1:colcon.colcon_core.package_identification:_identify(/home/gerardo/Roborregos/Repos/nav_new/ws/src) by extensions ['ignore', 'ignore_ament_install']
[1.057s] Level 1:colcon.colcon_core.package_identification:_identify(/home/gerardo/Roborregos/Repos/nav_new/ws/src) by extension 'ignore'
[1.057s] Level 1:colcon.colcon_core.package_identification:_identify(/home/gerardo/Roborregos/Repos/nav_new/ws/src) by extension 'ignore_ament_install'
[1.058s] Level 1:colcon.colcon_core.package_identification:_identify(/home/gerardo/Roborregos/Repos/nav_new/ws/src) by extensions ['colcon_pkg']
[1.060s] Level 1:colcon.colcon_core.package_identification:_identify(/home/gerardo/Roborregos/Repos/nav_new/ws/src) by extension 'colcon_pkg'
[1.060s] Level 1:colcon.colcon_core.package_identification:_identify(/home/gerardo/Roborregos/Repos/nav_new/ws/src) by extensions ['colcon_meta']
[1.061s] Level 1:colcon.colcon_core.package_identification:_identify(/home/gerardo/Roborregos/Repos/nav_new/ws/src) by extension 'colcon_meta'
[1.061s] Level 1:colcon.colcon_core.package_identification:_identify(/home/gerardo/Roborregos/Repos/nav_new/ws/src) by extensions ['ros']
[1.061s] Level 1:colcon.colcon_core.package_identification:_identify(/home/gerardo/Roborregos/Repos/nav_new/ws/src) by extension 'ros'
[1.062s] Level 1:colcon.colcon_core.package_identification:_identify(/home/gerardo/Roborregos/Repos/nav_new/ws/src) by extensions ['cmake', 'python']
[1.062s] Level 1:colcon.colcon_core.package_identification:_identify(/home/gerardo/Roborregos/Repos/nav_new/ws/src) by extension 'cmake'
[1.062s] Level 1:colcon.colcon_core.package_identification:_identify(/home/gerardo/Roborregos/Repos/nav_new/ws/src) by extension 'python'
[1.063s] Level 1:colcon.colcon_core.package_identification:_identify(/home/gerardo/Roborregos/Repos/nav_new/ws/src) by extensions ['python_setup_py']
[1.065s] Level 1:colcon.colcon_core.package_identification:_identify(/home/gerardo/Roborregos/Repos/nav_new/ws/src) by extension 'python_setup_py'
[1.067s] Level 1:colcon.colcon_core.package_identification:_identify(/home/gerardo/Roborregos/Repos/nav_new/ws/src/my_package) by extensions ['ignore', 'ignore_ament_install']
[1.068s] Level 1:colcon.colcon_core.package_identification:_identify(/home/gerardo/Roborregos/Repos/nav_new/ws/src/my_package) by extension 'ignore'
[1.068s] Level 1:colcon.colcon_core.package_identification:_identify(/home/gerardo/Roborregos/Repos/nav_new/ws/src/my_package) by extension 'ignore_ament_install'
[1.071s] Level 1:colcon.colcon_core.package_identification:_identify(/home/gerardo/Roborregos/Repos/nav_new/ws/src/my_package) by extensions ['colcon_pkg']
[1.071s] Level 1:colcon.colcon_core.package_identification:_identify(/home/gerardo/Roborregos/Repos/nav_new/ws/src/my_package) by extension 'colcon_pkg'
[1.072s] Level 1:colcon.colcon_core.package_identification:_identify(/home/gerardo/Roborregos/Repos/nav_new/ws/src/my_package) by extensions ['colcon_meta']
[1.072s] Level 1:colcon.colcon_core.package_identification:_identify(/home/gerardo/Roborregos/Repos/nav_new/ws/src/my_package) by extension 'colcon_meta'
[1.072s] Level 1:colcon.colcon_core.package_identification:_identify(/home/gerardo/Roborregos/Repos/nav_new/ws/src/my_package) by extensions ['ros']
[1.072s] Level 1:colcon.colcon_core.package_identification:_identify(/home/gerardo/Roborregos/Repos/nav_new/ws/src/my_package) by extension 'ros'
[1.077s] DEBUG:colcon.colcon_core.package_identification:Package '/home/gerardo/Roborregos/Repos/nav_new/ws/src/my_package' with type 'ros.ament_python' and name 'my_package'
[1.077s] Level 1:colcon.colcon_core.package_discovery:discover_packages(recursive) using defaults
