[0.372s] DEBUG:colcon:Command line arguments: ['/usr/bin/colcon', 'list', '-p', '--base-paths', '/home/gerardo/ros/home-navigation/ws/src/dashgob1_noetic']
[0.372s] DEBUG:colcon:Parsed command line arguments: Namespace(log_base=None, log_level=None, verb_name='list', build_base='build', ignore_user_meta=False, metas=['./colcon.meta'], base_paths=['/home/gerardo/ros/home-navigation/ws/src/dashgob1_noetic'], packages_ignore=None, packages_ignore_regex=None, paths=None, packages_up_to=None, packages_up_to_regex=None, packages_above=None, packages_above_and_dependencies=None, packages_above_depth=None, packages_select_by_dep=None, packages_skip_by_dep=None, packages_skip_up_to=None, packages_select_build_failed=False, packages_skip_build_finished=False, packages_select_test_failures=False, packages_skip_test_passed=False, packages_select=None, packages_skip=None, packages_select_regex=None, packages_skip_regex=None, packages_start=None, packages_end=None, allow_overriding=[], topological_order=False, names_only=False, paths_only=True, topological_graph=False, topological_graph_dot=False, topological_graph_density=False, topological_graph_legend=False, topological_graph_dot_cluster=False, topological_graph_dot_include_skipped=False, verb_parser=<colcon_defaults.argument_parser.defaults.DefaultArgumentsDecorator object at 0x7ba2fccb6e00>, verb_extension=<colcon_package_information.verb.list.ListVerb object at 0x7ba2fcec3e20>, main=<bound method ListVerb.main of <colcon_package_information.verb.list.ListVerb object at 0x7ba2fcec3e20>>)
[0.808s] Level 1:colcon.colcon_core.package_discovery:discover_packages(colcon_meta) check parameters
[0.808s] Level 1:colcon.colcon_core.package_discovery:discover_packages(recursive) check parameters
[0.808s] Level 1:colcon.colcon_core.package_discovery:discover_packages(ignore) check parameters
[0.808s] Level 1:colcon.colcon_core.package_discovery:discover_packages(path) check parameters
[0.808s] Level 1:colcon.colcon_core.package_discovery:discover_packages(recursive) discover
[0.808s] INFO:colcon.colcon_core.package_discovery:Crawling recursively for packages in '/home/gerardo/ros/home-navigation/ws/src/dashgob1_noetic'
[0.809s] Level 1:colcon.colcon_core.package_identification:_identify(/home/gerardo/ros/home-navigation/ws/src/dashgob1_noetic) by extensions ['ignore', 'ignore_ament_install']
[0.809s] Level 1:colcon.colcon_core.package_identification:_identify(/home/gerardo/ros/home-navigation/ws/src/dashgob1_noetic) by extension 'ignore'
[0.809s] Level 1:colcon.colcon_core.package_identification:_identify(/home/gerardo/ros/home-navigation/ws/src/dashgob1_noetic) by extension 'ignore_ament_install'
[0.809s] Level 1:colcon.colcon_core.package_identification:_identify(/home/gerardo/ros/home-navigation/ws/src/dashgob1_noetic) by extensions ['colcon_pkg']
[0.809s] Level 1:colcon.colcon_core.package_identification:_identify(/home/gerardo/ros/home-navigation/ws/src/dashgob1_noetic) by extension 'colcon_pkg'
[0.809s] Level 1:colcon.colcon_core.package_identification:_identify(/home/gerardo/ros/home-navigation/ws/src/dashgob1_noetic) by extensions ['colcon_meta']
[0.809s] Level 1:colcon.colcon_core.package_identification:_identify(/home/gerardo/ros/home-navigation/ws/src/dashgob1_noetic) by extension 'colcon_meta'
[0.810s] Level 1:colcon.colcon_core.package_identification:_identify(/home/gerardo/ros/home-navigation/ws/src/dashgob1_noetic) by extensions ['ros']
[0.810s] Level 1:colcon.colcon_core.package_identification:_identify(/home/gerardo/ros/home-navigation/ws/src/dashgob1_noetic) by extension 'ros'
[0.845s] Level 1:colcon.colcon_core.package_identification:_identify(/home/gerardo/ros/home-navigation/ws/src/dashgob1_noetic) by extensions ['cmake', 'python']
[0.845s] Level 1:colcon.colcon_core.package_identification:_identify(/home/gerardo/ros/home-navigation/ws/src/dashgob1_noetic) by extension 'cmake'
[0.845s] Level 1:colcon.colcon_core.package_identification:_identify(/home/gerardo/ros/home-navigation/ws/src/dashgob1_noetic) by extension 'python'
[0.845s] Level 1:colcon.colcon_core.package_identification:_identify(/home/gerardo/ros/home-navigation/ws/src/dashgob1_noetic) by extensions ['python_setup_py']
[0.846s] Level 1:colcon.colcon_core.package_identification:_identify(/home/gerardo/ros/home-navigation/ws/src/dashgob1_noetic) by extension 'python_setup_py'
[0.846s] Level 1:colcon.colcon_core.package_identification:_identify(/home/gerardo/ros/home-navigation/ws/src/dashgob1_noetic/log) by extensions ['ignore', 'ignore_ament_install']
[0.846s] Level 1:colcon.colcon_core.package_identification:_identify(/home/gerardo/ros/home-navigation/ws/src/dashgob1_noetic/log) by extension 'ignore'
[0.846s] Level 1:colcon.colcon_core.package_identification:_identify(/home/gerardo/ros/home-navigation/ws/src/dashgob1_noetic/log) ignored
[0.847s] Level 1:colcon.colcon_core.package_identification:_identify(/home/gerardo/ros/home-navigation/ws/src/dashgob1_noetic/src) by extensions ['ignore', 'ignore_ament_install']
[0.847s] Level 1:colcon.colcon_core.package_identification:_identify(/home/gerardo/ros/home-navigation/ws/src/dashgob1_noetic/src) by extension 'ignore'
[0.847s] Level 1:colcon.colcon_core.package_identification:_identify(/home/gerardo/ros/home-navigation/ws/src/dashgob1_noetic/src) by extension 'ignore_ament_install'
[0.847s] Level 1:colcon.colcon_core.package_identification:_identify(/home/gerardo/ros/home-navigation/ws/src/dashgob1_noetic/src) by extensions ['colcon_pkg']
[0.847s] Level 1:colcon.colcon_core.package_identification:_identify(/home/gerardo/ros/home-navigation/ws/src/dashgob1_noetic/src) by extension 'colcon_pkg'
[0.847s] Level 1:colcon.colcon_core.package_identification:_identify(/home/gerardo/ros/home-navigation/ws/src/dashgob1_noetic/src) by extensions ['colcon_meta']
[0.847s] Level 1:colcon.colcon_core.package_identification:_identify(/home/gerardo/ros/home-navigation/ws/src/dashgob1_noetic/src) by extension 'colcon_meta'
[0.848s] Level 1:colcon.colcon_core.package_identification:_identify(/home/gerardo/ros/home-navigation/ws/src/dashgob1_noetic/src) by extensions ['ros']
[0.848s] Level 1:colcon.colcon_core.package_identification:_identify(/home/gerardo/ros/home-navigation/ws/src/dashgob1_noetic/src) by extension 'ros'
[0.848s] Level 1:colcon.colcon_core.package_identification:_identify(/home/gerardo/ros/home-navigation/ws/src/dashgob1_noetic/src) by extensions ['cmake', 'python']
[0.848s] Level 1:colcon.colcon_core.package_identification:_identify(/home/gerardo/ros/home-navigation/ws/src/dashgob1_noetic/src) by extension 'cmake'
[0.858s] Level 1:colcon.colcon_core.package_identification:_identify(/home/gerardo/ros/home-navigation/ws/src/dashgob1_noetic/src) by extension 'python'
[0.858s] DEBUG:colcon.colcon_core.package_identification:Package '/home/gerardo/ros/home-navigation/ws/src/dashgob1_noetic/src' with type 'cmake' and name 'src'
[0.858s] Level 1:colcon.colcon_core.package_discovery:discover_packages(recursive) using defaults
