[1.129s] Invoking command in '/home/gerardo/Roborregos/Repos/nav_new/ws/src/my_package': PYTHONPATH=/home/gerardo/Roborregos/Repos/nav_new/ws/build/my_package/prefix_override:/usr/lib/python3/dist-packages/colcon_core/task/python/colcon_distutils_commands:/home/gerardo/Roborregos/Repos/nav_new/ws/install/my_package/lib/python3.10/site-packages:${PYTHONPATH} /usr/bin/python3 -W ignore:setup.py install is deprecated setup.py egg_info --egg-base ../../build/my_package build --build-base /home/gerardo/Roborregos/Repos/nav_new/ws/build/my_package/build install --record /home/gerardo/Roborregos/Repos/nav_new/ws/build/my_package/install.log --single-version-externally-managed install_data
[1.338s] /home/gerardo/.local/lib/python3.10/site-packages/setuptools/_distutils/dist.py:261: UserWarning: Unknown distribution option: 'tests_require'
[1.339s]   warnings.warn(msg)
[1.500s] running egg_info
[1.527s] writing ../../build/my_package/my_package.egg-info/PKG-INFO
[1.528s] writing dependency_links to ../../build/my_package/my_package.egg-info/dependency_links.txt
[1.528s] writing entry points to ../../build/my_package/my_package.egg-info/entry_points.txt
[1.528s] writing requirements to ../../build/my_package/my_package.egg-info/requires.txt
[1.528s] writing top-level names to ../../build/my_package/my_package.egg-info/top_level.txt
[1.583s] reading manifest file '../../build/my_package/my_package.egg-info/SOURCES.txt'
[1.585s] writing manifest file '../../build/my_package/my_package.egg-info/SOURCES.txt'
[1.585s] running build
[1.585s] running build_py
[1.585s] copying my_package/__init__.py -> /home/gerardo/Roborregos/Repos/nav_new/ws/build/my_package/build/lib/my_package
[1.585s] copying my_package/dashgo_driver.py -> /home/gerardo/Roborregos/Repos/nav_new/ws/build/my_package/build/lib/my_package
[1.586s] copying my_package/my_node.py -> /home/gerardo/Roborregos/Repos/nav_new/ws/build/my_package/build/lib/my_package
[1.586s] running install
[1.592s] running install_lib
[1.621s] running install_data
[1.621s] copying resource/my_package -> /home/gerardo/Roborregos/Repos/nav_new/ws/install/my_package/share/ament_index/resource_index/packages
[1.622s] copying package.xml -> /home/gerardo/Roborregos/Repos/nav_new/ws/install/my_package/share/my_package
[1.622s] running install_egg_info
[1.650s] removing '/home/gerardo/Roborregos/Repos/nav_new/ws/install/my_package/lib/python3.10/site-packages/my_package-0.0.0-py3.10.egg-info' (and everything under it)
[1.650s] Copying ../../build/my_package/my_package.egg-info to /home/gerardo/Roborregos/Repos/nav_new/ws/install/my_package/lib/python3.10/site-packages/my_package-0.0.0-py3.10.egg-info
[1.651s] running install_scripts
[1.861s] Installing dashgo_driver script to /home/gerardo/Roborregos/Repos/nav_new/ws/install/my_package/lib/my_package
[1.861s] Installing my_node script to /home/gerardo/Roborregos/Repos/nav_new/ws/install/my_package/lib/my_package
[1.861s] writing list of installed files to '/home/gerardo/Roborregos/Repos/nav_new/ws/build/my_package/install.log'
[1.895s] Invoked command in '/home/gerardo/Roborregos/Repos/nav_new/ws/src/my_package' returned '0': PYTHONPATH=/home/gerardo/Roborregos/Repos/nav_new/ws/build/my_package/prefix_override:/usr/lib/python3/dist-packages/colcon_core/task/python/colcon_distutils_commands:/home/gerardo/Roborregos/Repos/nav_new/ws/install/my_package/lib/python3.10/site-packages:${PYTHONPATH} /usr/bin/python3 -W ignore:setup.py install is deprecated setup.py egg_info --egg-base ../../build/my_package build --build-base /home/gerardo/Roborregos/Repos/nav_new/ws/build/my_package/build install --record /home/gerardo/Roborregos/Repos/nav_new/ws/build/my_package/install.log --single-version-externally-managed install_data
